2017.04.18 09:46:21	1	Начало экспорта БД `hig`
2017.04.18 09:46:21	1	Экспорт таблицы `x8thr_assets`
2017.04.18 09:46:21	1	Экспорт таблицы `x8thr_associations`
2017.04.18 09:46:21	1	Экспорт таблицы `x8thr_banner_clients`
2017.04.18 09:46:21	1	Экспорт таблицы `x8thr_banner_tracks`
2017.04.18 09:46:21	1	Экспорт таблицы `x8thr_banners`
2017.04.18 09:46:21	1	Экспорт таблицы `x8thr_categories`
2017.04.18 09:46:21	1	Экспорт таблицы `x8thr_contact_details`
2017.04.18 09:46:21	1	Экспорт таблицы `x8thr_content`
2017.04.18 09:46:21	1	Экспорт таблицы `x8thr_content_frontpage`
2017.04.18 09:46:21	1	Экспорт таблицы `x8thr_content_rating`
2017.04.18 09:46:21	1	Экспорт таблицы `x8thr_content_types`
2017.04.18 09:46:21	1	Экспорт таблицы `x8thr_contentitem_tag_map`
2017.04.18 09:46:21	1	Экспорт таблицы `x8thr_core_log_searches`
2017.04.18 09:46:21	1	Экспорт таблицы `x8thr_djimageslider`
2017.04.18 09:46:21	1	Экспорт таблицы `x8thr_extensions`
2017.04.18 09:46:21	1	Экспорт таблицы `x8thr_finder_filters`
2017.04.18 09:46:21	1	Экспорт таблицы `x8thr_finder_links`
2017.04.18 09:46:21	1	Экспорт таблицы `x8thr_finder_links_terms0`
2017.04.18 09:46:21	1	Экспорт таблицы `x8thr_finder_links_terms1`
2017.04.18 09:46:21	1	Экспорт таблицы `x8thr_finder_links_terms2`
2017.04.18 09:46:21	1	Экспорт таблицы `x8thr_finder_links_terms3`
2017.04.18 09:46:21	1	Экспорт таблицы `x8thr_finder_links_terms4`
2017.04.18 09:46:21	1	Экспорт таблицы `x8thr_finder_links_terms5`
2017.04.18 09:46:21	1	Экспорт таблицы `x8thr_finder_links_terms6`
2017.04.18 09:46:21	1	Экспорт таблицы `x8thr_finder_links_terms7`
2017.04.18 09:46:21	1	Экспорт таблицы `x8thr_finder_links_terms8`
2017.04.18 09:46:21	1	Экспорт таблицы `x8thr_finder_links_terms9`
2017.04.18 09:46:21	1	Экспорт таблицы `x8thr_finder_links_termsa`
2017.04.18 09:46:21	1	Экспорт таблицы `x8thr_finder_links_termsb`
2017.04.18 09:46:21	1	Экспорт таблицы `x8thr_finder_links_termsc`
2017.04.18 09:46:21	1	Экспорт таблицы `x8thr_finder_links_termsd`
2017.04.18 09:46:21	1	Экспорт таблицы `x8thr_finder_links_termse`
2017.04.18 09:46:21	1	Экспорт таблицы `x8thr_finder_links_termsf`
2017.04.18 09:46:21	1	Экспорт таблицы `x8thr_finder_taxonomy`
2017.04.18 09:46:21	1	Экспорт таблицы `x8thr_finder_taxonomy_map`
2017.04.18 09:46:21	1	Экспорт таблицы `x8thr_finder_terms`
2017.04.18 09:46:21	1	Экспорт таблицы `x8thr_finder_terms_common`
2017.04.18 09:46:21	1	Экспорт таблицы `x8thr_finder_tokens`
2017.04.18 09:46:21	1	Экспорт таблицы `x8thr_finder_tokens_aggregate`
2017.04.18 09:46:21	1	Экспорт таблицы `x8thr_finder_types`
2017.04.18 09:46:21	1	Экспорт таблицы `x8thr_jshopping_addons`
2017.04.18 09:46:21	1	Экспорт таблицы `x8thr_jshopping_attr`
2017.04.18 09:46:21	1	Экспорт таблицы `x8thr_jshopping_attr_groups`
2017.04.18 09:46:21	1	Экспорт таблицы `x8thr_jshopping_attr_values`
2017.04.18 09:46:21	1	Экспорт таблицы `x8thr_jshopping_cart_temp`
2017.04.18 09:46:21	1	Экспорт таблицы `x8thr_jshopping_categories`
2017.04.18 09:46:21	1	Экспорт таблицы `x8thr_jshopping_config`
2017.04.18 09:46:21	1	Экспорт таблицы `x8thr_jshopping_config_display_prices`
2017.04.18 09:46:21	1	Экспорт таблицы `x8thr_jshopping_config_seo`
2017.04.18 09:46:21	1	Экспорт таблицы `x8thr_jshopping_config_statictext`
2017.04.18 09:46:21	1	Экспорт таблицы `x8thr_jshopping_countries`
2017.04.18 09:46:21	1	Экспорт таблицы `x8thr_jshopping_coupons`
2017.04.18 09:46:21	1	Экспорт таблицы `x8thr_jshopping_currencies`
2017.04.18 09:46:21	1	Экспорт таблицы `x8thr_jshopping_delivery_times`
2017.04.18 09:46:21	1	Экспорт таблицы `x8thr_jshopping_free_attr`
2017.04.18 09:46:21	1	Экспорт таблицы `x8thr_jshopping_import_export`
2017.04.18 09:46:21	1	Экспорт таблицы `x8thr_jshopping_languages`
2017.04.18 09:46:21	1	Экспорт таблицы `x8thr_jshopping_manufacturers`
2017.04.18 09:46:21	1	Экспорт таблицы `x8thr_jshopping_order_history`
2017.04.18 09:46:21	1	Экспорт таблицы `x8thr_jshopping_order_item`
2017.04.18 09:46:21	1	Экспорт таблицы `x8thr_jshopping_order_status`
2017.04.18 09:46:21	1	Экспорт таблицы `x8thr_jshopping_orders`
2017.04.18 09:46:21	1	Экспорт таблицы `x8thr_jshopping_payment_method`
2017.04.18 09:46:21	1	Экспорт таблицы `x8thr_jshopping_payment_trx`
2017.04.18 09:46:21	1	Экспорт таблицы `x8thr_jshopping_payment_trx_data`
2017.04.18 09:46:21	1	Экспорт таблицы `x8thr_jshopping_product_labels`
2017.04.18 09:46:21	1	Экспорт таблицы `x8thr_jshopping_products`
2017.04.18 09:46:21	1	Экспорт таблицы `x8thr_jshopping_products_attr`
2017.04.18 09:46:21	1	Экспорт таблицы `x8thr_jshopping_products_attr2`
2017.04.18 09:46:21	1	Экспорт таблицы `x8thr_jshopping_products_extra_field_groups`
2017.04.18 09:46:21	1	Экспорт таблицы `x8thr_jshopping_products_extra_field_values`
2017.04.18 09:46:21	1	Экспорт таблицы `x8thr_jshopping_products_extra_fields`
2017.04.18 09:46:21	1	Экспорт таблицы `x8thr_jshopping_products_files`
2017.04.18 09:46:21	1	Экспорт таблицы `x8thr_jshopping_products_free_attr`
2017.04.18 09:46:21	1	Экспорт таблицы `x8thr_jshopping_products_images`
2017.04.18 09:46:21	1	Экспорт таблицы `x8thr_jshopping_products_option`
2017.04.18 09:46:21	1	Экспорт таблицы `x8thr_jshopping_products_prices`
2017.04.18 09:46:21	1	Экспорт таблицы `x8thr_jshopping_products_relations`
2017.04.18 09:46:21	1	Экспорт таблицы `x8thr_jshopping_products_reviews`
2017.04.18 09:46:21	1	Экспорт таблицы `x8thr_jshopping_products_to_categories`
2017.04.18 09:46:21	1	Экспорт таблицы `x8thr_jshopping_products_videos`
2017.04.18 09:46:21	1	Экспорт таблицы `x8thr_jshopping_shipping_ext_calc`
2017.04.18 09:46:21	1	Экспорт таблицы `x8thr_jshopping_shipping_method`
2017.04.18 09:46:21	1	Экспорт таблицы `x8thr_jshopping_shipping_method_price`
2017.04.18 09:46:21	1	Экспорт таблицы `x8thr_jshopping_shipping_method_price_countries`
2017.04.18 09:46:21	1	Экспорт таблицы `x8thr_jshopping_shipping_method_price_weight`
2017.04.18 09:46:21	1	Экспорт таблицы `x8thr_jshopping_taxes`
2017.04.18 09:46:21	1	Экспорт таблицы `x8thr_jshopping_taxes_ext`
2017.04.18 09:46:21	1	Экспорт таблицы `x8thr_jshopping_unit`
2017.04.18 09:46:21	1	Экспорт таблицы `x8thr_jshopping_usergroups`
2017.04.18 09:46:21	1	Экспорт таблицы `x8thr_jshopping_users`
2017.04.18 09:46:21	1	Экспорт таблицы `x8thr_jshopping_vendors`
2017.04.18 09:46:21	1	Экспорт таблицы `x8thr_languages`
2017.04.18 09:46:21	1	Экспорт таблицы `x8thr_menu`
2017.04.18 09:46:21	1	Экспорт таблицы `x8thr_menu_types`
2017.04.18 09:46:21	1	Экспорт таблицы `x8thr_messages`
2017.04.18 09:46:21	1	Экспорт таблицы `x8thr_messages_cfg`
2017.04.18 09:46:21	1	Экспорт таблицы `x8thr_modules`
2017.04.18 09:46:21	1	Экспорт таблицы `x8thr_modules_menu`
2017.04.18 09:46:21	1	Экспорт таблицы `x8thr_newsfeeds`
2017.04.18 09:46:21	1	Экспорт таблицы `x8thr_osmap_items`
2017.04.18 09:46:21	1	Экспорт таблицы `x8thr_osmap_sitemap`
2017.04.18 09:46:21	1	Экспорт таблицы `x8thr_overrider`
2017.04.18 09:46:21	1	Экспорт таблицы `x8thr_postinstall_messages`
2017.04.18 09:46:21	1	Экспорт таблицы `x8thr_redirect_links`
2017.04.18 09:46:21	1	Экспорт таблицы `x8thr_schemas`
2017.04.18 09:46:21	1	Экспорт таблицы `x8thr_session`
2017.04.18 09:46:21	1	Экспорт таблицы `x8thr_tags`
2017.04.18 09:46:21	1	Экспорт таблицы `x8thr_template_styles`
2017.04.18 09:46:21	1	Экспорт таблицы `x8thr_ucm_base`
2017.04.18 09:46:22	1	Экспорт таблицы `x8thr_ucm_content`
2017.04.18 09:46:22	1	Экспорт таблицы `x8thr_ucm_history`
2017.04.18 09:46:22	1	Экспорт таблицы `x8thr_update_sites`
2017.04.18 09:46:22	1	Экспорт таблицы `x8thr_update_sites_extensions`
2017.04.18 09:46:22	1	Экспорт таблицы `x8thr_updates`
2017.04.18 09:46:22	1	Экспорт таблицы `x8thr_user_keys`
2017.04.18 09:46:22	1	Экспорт таблицы `x8thr_user_notes`
2017.04.18 09:46:22	1	Экспорт таблицы `x8thr_user_profiles`
2017.04.18 09:46:22	1	Экспорт таблицы `x8thr_user_usergroup_map`
2017.04.18 09:46:22	1	Экспорт таблицы `x8thr_usergroups`
2017.04.18 09:46:22	1	Экспорт таблицы `x8thr_users`
2017.04.18 09:46:22	1	Экспорт таблицы `x8thr_viewlevels`
2017.04.18 09:46:22	1	Резервная копия БД `hig` создана.
